#
# A fatal error has been detected by the Java Runtime Environment:
#
#  Internal Error (./open/src/hotspot/share/interpreter/oopMapCache.cpp:111), pid=10504, tid=13444
#  Error: ShouldNotReachHere()
#
# JRE version: OpenJDK Runtime Environment (15.0.1+9) (build 15.0.1+9-18)
# Java VM: OpenJDK 64-Bit Server VM (15.0.1+9-18, mixed mode, tiered, compressed oops, g1 gc, windows-amd64)
# No core dump will be written. Minidumps are not enabled by default on client versions of Windows
#
# If you would like to submit a bug report, please visit:
#   https://bugreport.java.com/bugreport/crash.jsp
#

---------------  S U M M A R Y ------------

Command Line: -XX:+ShowCodeDetailsInExceptionMessages -agentlib:jdwp=transport=dt_socket,suspend=y,address=localhost:61602 -javaagent:C:\Users\Skec\eclipse\java-2020-09\eclipse\configuration\org.eclipse.osgi\215\0\.cp\lib\javaagent-shaded.jar -Dfile.encoding=UTF-8 --module-path=D:\eclipse\Edunova03\bin -Djdk.module.main=Edunova03 Edunova03/zimski_zadatci.proba

Host: Intel(R) Core(TM) i3-5010U CPU @ 2.10GHz, 4 cores, 7G,  Windows 10 , 64 bit Build 19041 (10.0.19041.662)
Time: Tue Dec 29 14:15:54 2020 Central European Standard Time elapsed time: 7523.404776 seconds (0d 2h 5m 23s)

---------------  T H R E A D  ---------------

Current thread (0x0000022e9d0165c0):  JavaThread "JDWP Transport Listener: dt_socket" daemon [_thread_in_vm, id=13444, stack(0x0000008be8600000,0x0000008be8700000)] _threads_hazard_ptr=0x0000022e9d5c7740

Stack: [0x0000008be8600000,0x0000008be8700000]
Native frames: (J=compiled Java code, j=interpreted, Vv=VM code, C=native code)
V  [jvm.dll+0x62ae9a]
V  [jvm.dll+0x781389]
V  [jvm.dll+0x782ae3]
V  [jvm.dll+0x7830f7]
V  [jvm.dll+0x2161cc]
V  [jvm.dll+0x216113]
V  [jvm.dll+0x619caa]
V  [jvm.dll+0x619963]
V  [jvm.dll+0x5df038]
V  [jvm.dll+0x7783ef]
V  [jvm.dll+0x4f04b1]
V  [jvm.dll+0x787e95]
V  [jvm.dll+0x4d4120]
V  [jvm.dll+0x4958fb]
C  [jdwp.dll+0x8221]


---------------  P R O C E S S  ---------------

Threads class SMR info:
_java_thread_list=0x0000022e9d5c7740, length=14, elements={
0x0000022e82b017c0, 0x0000022e9cd32010, 0x0000022e9cd3a920, 0x0000022e9c50e5c0,
0x0000022e9c50ef80, 0x0000022e9c512960, 0x0000022e9c513a50, 0x0000022e9c51c020,
0x0000022e9c51d100, 0x0000022e9cdd3060, 0x0000022e9d0165c0, 0x0000022e9d02d660,
0x0000022e9d02db50, 0x0000022e9cdd21f0
}

Java Threads: ( => current thread )
  0x0000022e82b017c0 JavaThread "main" [_thread_blocked, id=12856, stack(0x0000008be7600000,0x0000008be7700000)]
  0x0000022e9cd32010 JavaThread "Reference Handler" daemon [_thread_blocked, id=12496, stack(0x0000008be7d00000,0x0000008be7e00000)]
  0x0000022e9cd3a920 JavaThread "Finalizer" daemon [_thread_blocked, id=9540, stack(0x0000008be7e00000,0x0000008be7f00000)]
  0x0000022e9c50e5c0 JavaThread "Signal Dispatcher" daemon [_thread_blocked, id=18692, stack(0x0000008be7f00000,0x0000008be8000000)]
  0x0000022e9c50ef80 JavaThread "Attach Listener" daemon [_thread_blocked, id=18536, stack(0x0000008be8000000,0x0000008be8100000)]
  0x0000022e9c512960 JavaThread "Service Thread" daemon [_thread_blocked, id=6484, stack(0x0000008be8100000,0x0000008be8200000)]
  0x0000022e9c513a50 JavaThread "C2 CompilerThread0" daemon [_thread_blocked, id=11152, stack(0x0000008be8200000,0x0000008be8300000)]
  0x0000022e9c51c020 JavaThread "C1 CompilerThread0" daemon [_thread_blocked, id=3772, stack(0x0000008be8300000,0x0000008be8400000)]
  0x0000022e9c51d100 JavaThread "Sweeper thread" daemon [_thread_blocked, id=19636, stack(0x0000008be8400000,0x0000008be8500000)]
  0x0000022e9cdd3060 JavaThread "Common-Cleaner" daemon [_thread_blocked, id=16008, stack(0x0000008be8500000,0x0000008be8600000)]
=>0x0000022e9d0165c0 JavaThread "JDWP Transport Listener: dt_socket" daemon [_thread_in_vm, id=13444, stack(0x0000008be8600000,0x0000008be8700000)] _threads_hazard_ptr=0x0000022e9d5c7740
  0x0000022e9d02d660 JavaThread "JDWP Event Helper Thread" daemon [_thread_blocked, id=7624, stack(0x0000008be8700000,0x0000008be8800000)]
  0x0000022e9d02db50 JavaThread "JDWP Command Reader" daemon [_thread_in_native, id=19340, stack(0x0000008be8800000,0x0000008be8900000)]
  0x0000022e9cdd21f0 JavaThread "Notification Thread" daemon [_thread_blocked, id=14488, stack(0x0000008be8900000,0x0000008be8a00000)]

Other Threads:
  0x0000022e9c4b44a0 VMThread "VM Thread" [stack: 0x0000008be7c00000,0x0000008be7d00000] [id=4956]
  0x0000022e82b02880 WatcherThread [stack: 0x0000008be8a00000,0x0000008be8b00000] [id=7544]
  0x0000022e82b41700 GCTaskThread "GC Thread#0" [stack: 0x0000008be7700000,0x0000008be7800000] [id=18740]
  0x0000022e82b52b00 ConcurrentGCThread "G1 Main Marker" [stack: 0x0000008be7800000,0x0000008be7900000] [id=17564]
  0x0000022e82b53600 ConcurrentGCThread "G1 Conc#0" [stack: 0x0000008be7900000,0x0000008be7a00000] [id=16576]
  0x0000022e82bcc690 ConcurrentGCThread "G1 Refine#0" [stack: 0x0000008be7a00000,0x0000008be7b00000] [id=13600]
  0x0000022e82bce050 ConcurrentGCThread "G1 Young RemSet Sampling" [stack: 0x0000008be7b00000,0x0000008be7c00000] [id=4368]

Threads with active compile tasks:

VM state: not at safepoint (normal execution)

VM Mutex/Monitor currently owned by a thread: None

Heap address: 0x0000000082000000, size: 2016 MB, Compressed Oops mode: 32-bit
CDS disabled.
Compressed class space mapped at: 0x0000000100000000-0x0000000140000000, size: 1073741824
Narrow klass base: 0x0000000000000000, Narrow klass shift: 3, Narrow klass range: 0x140000000

GC Precious Log:
 CPUs: 4 total, 4 available
 Memory: 8059M
 Large Page Support: Disabled
 NUMA Support: Disabled
 Compressed Oops: Enabled (32-bit)
 Heap Region Size: 1M
 Heap Min Capacity: 8M
 Heap Initial Capacity: 126M
 Heap Max Capacity: 2016M
 Pre-touch: Disabled
 Parallel Workers: 4
 Concurrent Workers: 1
 Concurrent Refinement Workers: 4
 Periodic GC: Disabled

Heap:
 garbage-first heap   total 129024K, used 4096K [0x0000000082000000, 0x0000000100000000)
  region size 1024K, 5 young (5120K), 0 survivors (0K)
 Metaspace       used 9672K, capacity 9764K, committed 9856K, reserved 1058816K
  class space    used 838K, capacity 887K, committed 896K, reserved 1048576K

Heap Regions: E=young(eden), S=young(survivor), O=old, HS=humongous(starts), HC=humongous(continues), CS=collection set, F=free, OA=open archive, CA=closed archive, TAMS=top-at-mark-start (previous, next)
|   0|0x0000000082000000, 0x0000000082000000, 0x0000000082100000|  0%| F|  |TAMS 0x0000000082000000, 0x0000000082000000| Untracked 
|   1|0x0000000082100000, 0x0000000082100000, 0x0000000082200000|  0%| F|  |TAMS 0x0000000082100000, 0x0000000082100000| Untracked 
|   2|0x0000000082200000, 0x0000000082200000, 0x0000000082300000|  0%| F|  |TAMS 0x0000000082200000, 0x0000000082200000| Untracked 
|   3|0x0000000082300000, 0x0000000082300000, 0x0000000082400000|  0%| F|  |TAMS 0x0000000082300000, 0x0000000082300000| Untracked 
|   4|0x0000000082400000, 0x0000000082400000, 0x0000000082500000|  0%| F|  |TAMS 0x0000000082400000, 0x0000000082400000| Untracked 
|   5|0x0000000082500000, 0x0000000082500000, 0x0000000082600000|  0%| F|  |TAMS 0x0000000082500000, 0x0000000082500000| Untracked 
|   6|0x0000000082600000, 0x0000000082600000, 0x0000000082700000|  0%| F|  |TAMS 0x0000000082600000, 0x0000000082600000| Untracked 
|   7|0x0000000082700000, 0x0000000082700000, 0x0000000082800000|  0%| F|  |TAMS 0x0000000082700000, 0x0000000082700000| Untracked 
|   8|0x0000000082800000, 0x0000000082800000, 0x0000000082900000|  0%| F|  |TAMS 0x0000000082800000, 0x0000000082800000| Untracked 
|   9|0x0000000082900000, 0x0000000082900000, 0x0000000082a00000|  0%| F|  |TAMS 0x0000000082900000, 0x0000000082900000| Untracked 
|  10|0x0000000082a00000, 0x0000000082a00000, 0x0000000082b00000|  0%| F|  |TAMS 0x0000000082a00000, 0x0000000082a00000| Untracked 
|  11|0x0000000082b00000, 0x0000000082b00000, 0x0000000082c00000|  0%| F|  |TAMS 0x0000000082b00000, 0x0000000082b00000| Untracked 
|  12|0x0000000082c00000, 0x0000000082c00000, 0x0000000082d00000|  0%| F|  |TAMS 0x0000000082c00000, 0x0000000082c00000| Untracked 
|  13|0x0000000082d00000, 0x0000000082d00000, 0x0000000082e00000|  0%| F|  |TAMS 0x0000000082d00000, 0x0000000082d00000| Untracked 
|  14|0x0000000082e00000, 0x0000000082e00000, 0x0000000082f00000|  0%| F|  |TAMS 0x0000000082e00000, 0x0000000082e00000| Untracked 
|  15|0x0000000082f00000, 0x0000000082f00000, 0x0000000083000000|  0%| F|  |TAMS 0x0000000082f00000, 0x0000000082f00000| Untracked 
|  16|0x0000000083000000, 0x0000000083000000, 0x0000000083100000|  0%| F|  |TAMS 0x0000000083000000, 0x0000000083000000| Untracked 
|  17|0x0000000083100000, 0x0000000083100000, 0x0000000083200000|  0%| F|  |TAMS 0x0000000083100000, 0x0000000083100000| Untracked 
|  18|0x0000000083200000, 0x0000000083200000, 0x0000000083300000|  0%| F|  |TAMS 0x0000000083200000, 0x0000000083200000| Untracked 
|  19|0x0000000083300000, 0x0000000083300000, 0x0000000083400000|  0%| F|  |TAMS 0x0000000083300000, 0x0000000083300000| Untracked 
|  20|0x0000000083400000, 0x0000000083400000, 0x0000000083500000|  0%| F|  |TAMS 0x0000000083400000, 0x0000000083400000| Untracked 
|  21|0x0000000083500000, 0x0000000083500000, 0x0000000083600000|  0%| F|  |TAMS 0x0000000083500000, 0x0000000083500000| Untracked 
|  22|0x0000000083600000, 0x0000000083600000, 0x0000000083700000|  0%| F|  |TAMS 0x0000000083600000, 0x0000000083600000| Untracked 
|  23|0x0000000083700000, 0x0000000083700000, 0x0000000083800000|  0%| F|  |TAMS 0x0000000083700000, 0x0000000083700000| Untracked 
|  24|0x0000000083800000, 0x0000000083800000, 0x0000000083900000|  0%| F|  |TAMS 0x0000000083800000, 0x0000000083800000| Untracked 
|  25|0x0000000083900000, 0x0000000083900000, 0x0000000083a00000|  0%| F|  |TAMS 0x0000000083900000, 0x0000000083900000| Untracked 
|  26|0x0000000083a00000, 0x0000000083a00000, 0x0000000083b00000|  0%| F|  |TAMS 0x0000000083a00000, 0x0000000083a00000| Untracked 
|  27|0x0000000083b00000, 0x0000000083b00000, 0x0000000083c00000|  0%| F|  |TAMS 0x0000000083b00000, 0x0000000083b00000| Untracked 
|  28|0x0000000083c00000, 0x0000000083c00000, 0x0000000083d00000|  0%| F|  |TAMS 0x0000000083c00000, 0x0000000083c00000| Untracked 
|  29|0x0000000083d00000, 0x0000000083d00000, 0x0000000083e00000|  0%| F|  |TAMS 0x0000000083d00000, 0x0000000083d00000| Untracked 
|  30|0x0000000083e00000, 0x0000000083e00000, 0x0000000083f00000|  0%| F|  |TAMS 0x0000000083e00000, 0x0000000083e00000| Untracked 
|  31|0x0000000083f00000, 0x0000000083f00000, 0x0000000084000000|  0%| F|  |TAMS 0x0000000083f00000, 0x0000000083f00000| Untracked 
|  32|0x0000000084000000, 0x0000000084000000, 0x0000000084100000|  0%| F|  |TAMS 0x0000000084000000, 0x0000000084000000| Untracked 
|  33|0x0000000084100000, 0x0000000084100000, 0x0000000084200000|  0%| F|  |TAMS 0x0000000084100000, 0x0000000084100000| Untracked 
|  34|0x0000000084200000, 0x0000000084200000, 0x0000000084300000|  0%| F|  |TAMS 0x0000000084200000, 0x0000000084200000| Untracked 
|  35|0x0000000084300000, 0x0000000084300000, 0x0000000084400000|  0%| F|  |TAMS 0x0000000084300000, 0x0000000084300000| Untracked 
|  36|0x0000000084400000, 0x0000000084400000, 0x0000000084500000|  0%| F|  |TAMS 0x0000000084400000, 0x0000000084400000| Untracked 
|  37|0x0000000084500000, 0x0000000084500000, 0x0000000084600000|  0%| F|  |TAMS 0x0000000084500000, 0x0000000084500000| Untracked 
|  38|0x0000000084600000, 0x0000000084600000, 0x0000000084700000|  0%| F|  |TAMS 0x0000000084600000, 0x0000000084600000| Untracked 
|  39|0x0000000084700000, 0x0000000084700000, 0x0000000084800000|  0%| F|  |TAMS 0x0000000084700000, 0x0000000084700000| Untracked 
|  40|0x0000000084800000, 0x0000000084800000, 0x0000000084900000|  0%| F|  |TAMS 0x0000000084800000, 0x0000000084800000| Untracked 
|  41|0x0000000084900000, 0x0000000084900000, 0x0000000084a00000|  0%| F|  |TAMS 0x0000000084900000, 0x0000000084900000| Untracked 
|  42|0x0000000084a00000, 0x0000000084a00000, 0x0000000084b00000|  0%| F|  |TAMS 0x0000000084a00000, 0x0000000084a00000| Untracked 
|  43|0x0000000084b00000, 0x0000000084b00000, 0x0000000084c00000|  0%| F|  |TAMS 0x0000000084b00000, 0x0000000084b00000| Untracked 
|  44|0x0000000084c00000, 0x0000000084c00000, 0x0000000084d00000|  0%| F|  |TAMS 0x0000000084c00000, 0x0000000084c00000| Untracked 
|  45|0x0000000084d00000, 0x0000000084d00000, 0x0000000084e00000|  0%| F|  |TAMS 0x0000000084d00000, 0x0000000084d00000| Untracked 
|  46|0x0000000084e00000, 0x0000000084e00000, 0x0000000084f00000|  0%| F|  |TAMS 0x0000000084e00000, 0x0000000084e00000| Untracked 
|  47|0x0000000084f00000, 0x0000000084f00000, 0x0000000085000000|  0%| F|  |TAMS 0x0000000084f00000, 0x0000000084f00000| Untracked 
|  48|0x0000000085000000, 0x0000000085000000, 0x0000000085100000|  0%| F|  |TAMS 0x0000000085000000, 0x0000000085000000| Untracked 
|  49|0x0000000085100000, 0x0000000085100000, 0x0000000085200000|  0%| F|  |TAMS 0x0000000085100000, 0x0000000085100000| Untracked 
|  50|0x0000000085200000, 0x0000000085200000, 0x0000000085300000|  0%| F|  |TAMS 0x0000000085200000, 0x0000000085200000| Untracked 
|  51|0x0000000085300000, 0x0000000085300000, 0x0000000085400000|  0%| F|  |TAMS 0x0000000085300000, 0x0000000085300000| Untracked 
|  52|0x0000000085400000, 0x0000000085400000, 0x0000000085500000|  0%| F|  |TAMS 0x0000000085400000, 0x0000000085400000| Untracked 
|  53|0x0000000085500000, 0x0000000085500000, 0x0000000085600000|  0%| F|  |TAMS 0x0000000085500000, 0x0000000085500000| Untracked 
|  54|0x0000000085600000, 0x0000000085600000, 0x0000000085700000|  0%| F|  |TAMS 0x0000000085600000, 0x0000000085600000| Untracked 
|  55|0x0000000085700000, 0x0000000085700000, 0x0000000085800000|  0%| F|  |TAMS 0x0000000085700000, 0x0000000085700000| Untracked 
|  56|0x0000000085800000, 0x0000000085800000, 0x0000000085900000|  0%| F|  |TAMS 0x0000000085800000, 0x0000000085800000| Untracked 
|  57|0x0000000085900000, 0x0000000085900000, 0x0000000085a00000|  0%| F|  |TAMS 0x0000000085900000, 0x0000000085900000| Untracked 
|  58|0x0000000085a00000, 0x0000000085a00000, 0x0000000085b00000|  0%| F|  |TAMS 0x0000000085a00000, 0x0000000085a00000| Untracked 
|  59|0x0000000085b00000, 0x0000000085b00000, 0x0000000085c00000|  0%| F|  |TAMS 0x0000000085b00000, 0x0000000085b00000| Untracked 
|  60|0x0000000085c00000, 0x0000000085c00000, 0x0000000085d00000|  0%| F|  |TAMS 0x0000000085c00000, 0x0000000085c00000| Untracked 
|  61|0x0000000085d00000, 0x0000000085d00000, 0x0000000085e00000|  0%| F|  |TAMS 0x0000000085d00000, 0x0000000085d00000| Untracked 
|  62|0x0000000085e00000, 0x0000000085e00000, 0x0000000085f00000|  0%| F|  |TAMS 0x0000000085e00000, 0x0000000085e00000| Untracked 
|  63|0x0000000085f00000, 0x0000000085f00000, 0x0000000086000000|  0%| F|  |TAMS 0x0000000085f00000, 0x0000000085f00000| Untracked 
|  64|0x0000000086000000, 0x0000000086000000, 0x0000000086100000|  0%| F|  |TAMS 0x0000000086000000, 0x0000000086000000| Untracked 
|  65|0x0000000086100000, 0x0000000086100000, 0x0000000086200000|  0%| F|  |TAMS 0x0000000086100000, 0x0000000086100000| Untracked 
|  66|0x0000000086200000, 0x0000000086200000, 0x0000000086300000|  0%| F|  |TAMS 0x0000000086200000, 0x0000000086200000| Untracked 
|  67|0x0000000086300000, 0x0000000086300000, 0x0000000086400000|  0%| F|  |TAMS 0x0000000086300000, 0x0000000086300000| Untracked 
|  68|0x0000000086400000, 0x0000000086400000, 0x0000000086500000|  0%| F|  |TAMS 0x0000000086400000, 0x0000000086400000| Untracked 
|  69|0x0000000086500000, 0x0000000086500000, 0x0000000086600000|  0%| F|  |TAMS 0x0000000086500000, 0x0000000086500000| Untracked 
|  70|0x0000000086600000, 0x0000000086600000, 0x0000000086700000|  0%| F|  |TAMS 0x0000000086600000, 0x0000000086600000| Untracked 
|  71|0x0000000086700000, 0x0000000086700000, 0x0000000086800000|  0%| F|  |TAMS 0x0000000086700000, 0x0000000086700000| Untracked 
|  72|0x0000000086800000, 0x0000000086800000, 0x0000000086900000|  0%| F|  |TAMS 0x0000000086800000, 0x0000000086800000| Untracked 
|  73|0x0000000086900000, 0x0000000086900000, 0x0000000086a00000|  0%| F|  |TAMS 0x0000000086900000, 0x0000000086900000| Untracked 
|  74|0x0000000086a00000, 0x0000000086a00000, 0x0000000086b00000|  0%| F|  |TAMS 0x0000000086a00000, 0x0000000086a00000| Untracked 
|  75|0x0000000086b00000, 0x0000000086b00000, 0x0000000086c00000|  0%| F|  |TAMS 0x0000000086b00000, 0x0000000086b00000| Untracked 
|  76|0x0000000086c00000, 0x0000000086c00000, 0x0000000086d00000|  0%| F|  |TAMS 0x0000000086c00000, 0x0000000086c00000| Untracked 
|  77|0x0000000086d00000, 0x0000000086d00000, 0x0000000086e00000|  0%| F|  |TAMS 0x0000000086d00000, 0x0000000086d00000| Untracked 
|  78|0x0000000086e00000, 0x0000000086e00000, 0x0000000086f00000|  0%| F|  |TAMS 0x0000000086e00000, 0x0000000086e00000| Untracked 
|  79|0x0000000086f00000, 0x0000000086f00000, 0x0000000087000000|  0%| F|  |TAMS 0x0000000086f00000, 0x0000000086f00000| Untracked 
|  80|0x0000000087000000, 0x0000000087000000, 0x0000000087100000|  0%| F|  |TAMS 0x0000000087000000, 0x0000000087000000| Untracked 
|  81|0x0000000087100000, 0x0000000087100000, 0x0000000087200000|  0%| F|  |TAMS 0x0000000087100000, 0x0000000087100000| Untracked 
|  82|0x0000000087200000, 0x0000000087200000, 0x0000000087300000|  0%| F|  |TAMS 0x0000000087200000, 0x0000000087200000| Untracked 
|  83|0x0000000087300000, 0x0000000087300000, 0x0000000087400000|  0%| F|  |TAMS 0x0000000087300000, 0x0000000087300000| Untracked 
|  84|0x0000000087400000, 0x0000000087400000, 0x0000000087500000|  0%| F|  |TAMS 0x0000000087400000, 0x0000000087400000| Untracked 
|  85|0x0000000087500000, 0x0000000087500000, 0x0000000087600000|  0%| F|  |TAMS 0x0000000087500000, 0x0000000087500000| Untracked 
|  86|0x0000000087600000, 0x0000000087600000, 0x0000000087700000|  0%| F|  |TAMS 0x0000000087600000, 0x0000000087600000| Untracked 
|  87|0x0000000087700000, 0x0000000087700000, 0x0000000087800000|  0%| F|  |TAMS 0x0000000087700000, 0x0000000087700000| Untracked 
|  88|0x0000000087800000, 0x0000000087800000, 0x0000000087900000|  0%| F|  |TAMS 0x0000000087800000, 0x0000000087800000| Untracked 
|  89|0x0000000087900000, 0x0000000087900000, 0x0000000087a00000|  0%| F|  |TAMS 0x0000000087900000, 0x0000000087900000| Untracked 
|  90|0x0000000087a00000, 0x0000000087a00000, 0x0000000087b00000|  0%| F|  |TAMS 0x0000000087a00000, 0x0000000087a00000| Untracked 
|  91|0x0000000087b00000, 0x0000000087b00000, 0x0000000087c00000|  0%| F|  |TAMS 0x0000000087b00000, 0x0000000087b00000| Untracked 
|  92|0x0000000087c00000, 0x0000000087c00000, 0x0000000087d00000|  0%| F|  |TAMS 0x0000000087c00000, 0x0000000087c00000| Untracked 
|  93|0x0000000087d00000, 0x0000000087d00000, 0x0000000087e00000|  0%| F|  |TAMS 0x0000000087d00000, 0x0000000087d00000| Untracked 
|  94|0x0000000087e00000, 0x0000000087e00000, 0x0000000087f00000|  0%| F|  |TAMS 0x0000000087e00000, 0x0000000087e00000| Untracked 
|  95|0x0000000087f00000, 0x0000000087f00000, 0x0000000088000000|  0%| F|  |TAMS 0x0000000087f00000, 0x0000000087f00000| Untracked 
|  96|0x0000000088000000, 0x0000000088000000, 0x0000000088100000|  0%| F|  |TAMS 0x0000000088000000, 0x0000000088000000| Untracked 
|  97|0x0000000088100000, 0x0000000088100000, 0x0000000088200000|  0%| F|  |TAMS 0x0000000088100000, 0x0000000088100000| Untracked 
|  98|0x0000000088200000, 0x0000000088200000, 0x0000000088300000|  0%| F|  |TAMS 0x0000000088200000, 0x0000000088200000| Untracked 
|  99|0x0000000088300000, 0x0000000088300000, 0x0000000088400000|  0%| F|  |TAMS 0x0000000088300000, 0x0000000088300000| Untracked 
| 100|0x0000000088400000, 0x0000000088400000, 0x0000000088500000|  0%| F|  |TAMS 0x0000000088400000, 0x0000000088400000| Untracked 
| 101|0x0000000088500000, 0x0000000088500000, 0x0000000088600000|  0%| F|  |TAMS 0x0000000088500000, 0x0000000088500000| Untracked 
| 102|0x0000000088600000, 0x0000000088600000, 0x0000000088700000|  0%| F|  |TAMS 0x0000000088600000, 0x0000000088600000| Untracked 
| 103|0x0000000088700000, 0x0000000088700000, 0x0000000088800000|  0%| F|  |TAMS 0x0000000088700000, 0x0000000088700000| Untracked 
| 104|0x0000000088800000, 0x0000000088800000, 0x0000000088900000|  0%| F|  |TAMS 0x0000000088800000, 0x0000000088800000| Untracked 
| 105|0x0000000088900000, 0x0000000088900000, 0x0000000088a00000|  0%| F|  |TAMS 0x0000000088900000, 0x0000000088900000| Untracked 
| 106|0x0000000088a00000, 0x0000000088a00000, 0x0000000088b00000|  0%| F|  |TAMS 0x0000000088a00000, 0x0000000088a00000| Untracked 
| 107|0x0000000088b00000, 0x0000000088b00000, 0x0000000088c00000|  0%| F|  |TAMS 0x0000000088b00000, 0x0000000088b00000| Untracked 
| 108|0x0000000088c00000, 0x0000000088c00000, 0x0000000088d00000|  0%| F|  |TAMS 0x0000000088c00000, 0x0000000088c00000| Untracked 
| 109|0x0000000088d00000, 0x0000000088d00000, 0x0000000088e00000|  0%| F|  |TAMS 0x0000000088d00000, 0x0000000088d00000| Untracked 
| 110|0x0000000088e00000, 0x0000000088e00000, 0x0000000088f00000|  0%| F|  |TAMS 0x0000000088e00000, 0x0000000088e00000| Untracked 
| 111|0x0000000088f00000, 0x0000000088f00000, 0x0000000089000000|  0%| F|  |TAMS 0x0000000088f00000, 0x0000000088f00000| Untracked 
| 112|0x0000000089000000, 0x0000000089000000, 0x0000000089100000|  0%| F|  |TAMS 0x0000000089000000, 0x0000000089000000| Untracked 
| 113|0x0000000089100000, 0x0000000089100000, 0x0000000089200000|  0%| F|  |TAMS 0x0000000089100000, 0x0000000089100000| Untracked 
| 114|0x0000000089200000, 0x0000000089200000, 0x0000000089300000|  0%| F|  |TAMS 0x0000000089200000, 0x0000000089200000| Untracked 
| 115|0x0000000089300000, 0x0000000089300000, 0x0000000089400000|  0%| F|  |TAMS 0x0000000089300000, 0x0000000089300000| Untracked 
| 116|0x0000000089400000, 0x0000000089400000, 0x0000000089500000|  0%| F|  |TAMS 0x0000000089400000, 0x0000000089400000| Untracked 
| 117|0x0000000089500000, 0x0000000089500000, 0x0000000089600000|  0%| F|  |TAMS 0x0000000089500000, 0x0000000089500000| Untracked 
| 118|0x0000000089600000, 0x0000000089600000, 0x0000000089700000|  0%| F|  |TAMS 0x0000000089600000, 0x0000000089600000| Untracked 
| 119|0x0000000089700000, 0x0000000089700000, 0x0000000089800000|  0%| F|  |TAMS 0x0000000089700000, 0x0000000089700000| Untracked 
| 120|0x0000000089800000, 0x0000000089800000, 0x0000000089900000|  0%| F|  |TAMS 0x0000000089800000, 0x0000000089800000| Untracked 
| 121|0x0000000089900000, 0x0000000089a00000, 0x0000000089a00000|100%| E|  |TAMS 0x0000000089900000, 0x0000000089900000| Complete 
| 122|0x0000000089a00000, 0x0000000089b00000, 0x0000000089b00000|100%| E|CS|TAMS 0x0000000089a00000, 0x0000000089a00000| Complete 
| 123|0x0000000089b00000, 0x0000000089c00000, 0x0000000089c00000|100%| E|CS|TAMS 0x0000000089b00000, 0x0000000089b00000| Complete 
| 124|0x0000000089c00000, 0x0000000089d00000, 0x0000000089d00000|100%| E|CS|TAMS 0x0000000089c00000, 0x0000000089c00000| Complete 
| 125|0x0000000089d00000, 0x0000000089e00000, 0x0000000089e00000|100%| E|CS|TAMS 0x0000000089d00000, 0x0000000089d00000| Complete 

Card table byte_map: [0x0000022e95910000,0x0000022e95d00000] _byte_map_base: 0x0000022e95500000

Marking Bits (Prev, Next): (CMBitMap*) 0x0000022e82b41e00, (CMBitMap*) 0x0000022e82b41e40
 Prev Bits: [0x0000022e960f0000, 0x0000022e98070000)
 Next Bits: [0x0000022e98070000, 0x0000022e99ff0000)

Polling page: 0x0000022e80980000

Metaspace:

Usage:
  Non-class:      8.67 MB capacity,     8.63 MB (>99%) used,    37.03 KB ( <1%) free+waste,     6.00 KB ( <1%) overhead. 
      Class:    887.00 KB capacity,   838.91 KB ( 95%) used,    46.15 KB (  5%) free+waste,     1.94 KB ( <1%) overhead. 
       Both:      9.54 MB capacity,     9.45 MB (>99%) used,    83.18 KB ( <1%) free+waste,     7.94 KB ( <1%) overhead. 

Virtual space:
  Non-class space:       10.00 MB reserved,       8.75 MB ( 88%) committed 
      Class space:        1.00 GB reserved,     896.00 KB ( <1%) committed 
             Both:        1.01 GB reserved,       9.62 MB ( <1%) committed 

Chunk freelists:
   Non-Class:  19.00 KB
       Class:  9.00 KB
        Both:  28.00 KB

MaxMetaspaceSize: 17179869184.00 GB
CompressedClassSpaceSize: 1.00 GB

CodeHeap 'non-profiled nmethods': size=120000Kb used=120Kb max_used=120Kb free=119879Kb
 bounds [0x0000022e8dff0000, 0x0000022e8e260000, 0x0000022e95520000]
CodeHeap 'profiled nmethods': size=120000Kb used=605Kb max_used=605Kb free=119394Kb
 bounds [0x0000022e86ac0000, 0x0000022e86d30000, 0x0000022e8dff0000]
CodeHeap 'non-nmethods': size=5760Kb used=1226Kb max_used=1243Kb free=4533Kb
 bounds [0x0000022e86520000, 0x0000022e86790000, 0x0000022e86ac0000]
 total_blobs=817 nmethods=426 adapters=304
 compilation: enabled
              stopped_count=0, restarted_count=0
 full_count=0

Compilation events (20 events):
Event: 0.929 Thread 0x0000022e9c513a50 nmethod 415 0x0000022e8e00e090 code [0x0000022e8e00e200, 0x0000022e8e00e258]
Event: 0.929 Thread 0x0000022e9c51c020 nmethod 417 0x0000022e86b53e90 code [0x0000022e86b54080, 0x0000022e86b54598]
Event: 0.929 Thread 0x0000022e9c51c020  418       3       java.lang.StringConcatHelper::stringOf (20 bytes)
Event: 0.930 Thread 0x0000022e9c51c020 nmethod 418 0x0000022e86b54710 code [0x0000022e86b548c0, 0x0000022e86b54ae8]
Event: 0.930 Thread 0x0000022e9c51c020  419       3       java.lang.StringConcatHelper::mix (27 bytes)
Event: 0.930 Thread 0x0000022e9c51c020 nmethod 419 0x0000022e86b54b90 code [0x0000022e86b54d80, 0x0000022e86b551a8]
Event: 0.930 Thread 0x0000022e9c51c020  420       3       java.lang.StringConcatHelper::checkOverflow (17 bytes)
Event: 0.930 Thread 0x0000022e9c51c020 nmethod 420 0x0000022e86b55390 code [0x0000022e86b55540, 0x0000022e86b55728]
Event: 85.225 Thread 0x0000022e9c51c020  421       3       org.eclipse.jdt.launching.internal.org.objectweb.asm.ClassReader::readUnsignedShort (26 bytes)
Event: 85.226 Thread 0x0000022e9c51c020 nmethod 421 0x0000022e86b55810 code [0x0000022e86b559a0, 0x0000022e86b55af8]
Event: 5579.440 Thread 0x0000022e9c51c020  422       3       java.lang.String::<init> (74 bytes)
Event: 5579.441 Thread 0x0000022e9c51c020 nmethod 422 0x0000022e86b55c10 code [0x0000022e86b55de0, 0x0000022e86b561b8]
Event: 5579.441 Thread 0x0000022e9c51c020  423       3       java.lang.StringUTF16::compress (20 bytes)
Event: 5579.442 Thread 0x0000022e9c51c020 nmethod 423 0x0000022e86b56310 code [0x0000022e86b564c0, 0x0000022e86b566e8]
Event: 5602.469 Thread 0x0000022e9c51c020  424       3       java.lang.String::<init> (14 bytes)
Event: 5602.470 Thread 0x0000022e9c51c020 nmethod 424 0x0000022e86b56790 code [0x0000022e86b56940, 0x0000022e86b56b38]
Event: 5602.470 Thread 0x0000022e9c51c020  426       3       org.eclipse.jdt.launching.internal.org.objectweb.asm.ClassReader::readUtf (44 bytes)
Event: 5602.470 Thread 0x0000022e9c51c020 nmethod 426 0x0000022e86b56c90 code [0x0000022e86b56e60, 0x0000022e86b57238]
Event: 5602.470 Thread 0x0000022e9c51c020  425       3       java.lang.String::rangeCheck (9 bytes)
Event: 5602.470 Thread 0x0000022e9c51c020 nmethod 425 0x0000022e86b57410 code [0x0000022e86b575c0, 0x0000022e86b576e8]

GC Heap History (0 events):
No events

Deoptimization events (20 events):
Event: 0.892 Thread 0x0000022e82b017c0 DEOPT PACKING pc=0x0000022e86b40361 sp=0x0000008be76f8c50
Event: 0.892 Thread 0x0000022e82b017c0 DEOPT UNPACKING pc=0x0000022e8656e23f sp=0x0000008be76f8118 mode 0
Event: 0.894 Thread 0x0000022e82b017c0 DEOPT PACKING pc=0x0000022e86b40361 sp=0x0000008be76f8c50
Event: 0.894 Thread 0x0000022e82b017c0 DEOPT UNPACKING pc=0x0000022e8656e23f sp=0x0000008be76f8118 mode 0
Event: 0.895 Thread 0x0000022e82b017c0 DEOPT PACKING pc=0x0000022e86b40361 sp=0x0000008be76f8c50
Event: 0.895 Thread 0x0000022e82b017c0 DEOPT UNPACKING pc=0x0000022e8656e23f sp=0x0000008be76f8118 mode 0
Event: 0.896 Thread 0x0000022e82b017c0 DEOPT PACKING pc=0x0000022e86b40361 sp=0x0000008be76f8c50
Event: 0.896 Thread 0x0000022e82b017c0 DEOPT UNPACKING pc=0x0000022e8656e23f sp=0x0000008be76f8118 mode 0
Event: 0.899 Thread 0x0000022e82b017c0 DEOPT PACKING pc=0x0000022e86b40361 sp=0x0000008be76f8b40
Event: 0.899 Thread 0x0000022e82b017c0 DEOPT UNPACKING pc=0x0000022e8656e23f sp=0x0000008be76f8008 mode 0
Event: 0.900 Thread 0x0000022e82b017c0 DEOPT PACKING pc=0x0000022e86b40361 sp=0x0000008be76f8c50
Event: 0.900 Thread 0x0000022e82b017c0 DEOPT UNPACKING pc=0x0000022e8656e23f sp=0x0000008be76f8118 mode 0
Event: 0.911 Thread 0x0000022e82b017c0 DEOPT PACKING pc=0x0000022e86b40361 sp=0x0000008be76fc730
Event: 0.911 Thread 0x0000022e82b017c0 DEOPT UNPACKING pc=0x0000022e8656e23f sp=0x0000008be76fbbf8 mode 0
Event: 0.911 Thread 0x0000022e82b017c0 DEOPT PACKING pc=0x0000022e86b40361 sp=0x0000008be76fc730
Event: 0.911 Thread 0x0000022e82b017c0 DEOPT UNPACKING pc=0x0000022e8656e23f sp=0x0000008be76fbbf8 mode 0
Event: 0.912 Thread 0x0000022e82b017c0 DEOPT PACKING pc=0x0000022e86b40361 sp=0x0000008be76fc730
Event: 0.912 Thread 0x0000022e82b017c0 DEOPT UNPACKING pc=0x0000022e8656e23f sp=0x0000008be76fbbf8 mode 0
Event: 0.916 Thread 0x0000022e82b017c0 DEOPT PACKING pc=0x0000022e86b40361 sp=0x0000008be76f8bd0
Event: 0.916 Thread 0x0000022e82b017c0 DEOPT UNPACKING pc=0x0000022e8656e23f sp=0x0000008be76f8098 mode 0

Classes unloaded (0 events):
No events

Classes redefined (3 events):
Event: 85.228 Thread 0x0000022e9c4b44a0 redefined class name=zimski_zadatci.proba, count=1
Event: 5579.444 Thread 0x0000022e9c4b44a0 redefined class name=zimski_zadatci.proba, count=2
Event: 5602.473 Thread 0x0000022e9c4b44a0 redefined class name=zimski_zadatci.proba, count=3

Internal exceptions (5 events):
Event: 0.340 Thread 0x0000022e82b017c0 Exception <a 'java/lang/NoSuchMethodError'{0x0000000089df65f0}: 'void java.lang.invoke.DirectMethodHandle$Holder.invokeVirtual(java.lang.Object, java.lang.Object)'> (0x0000000089df65f0) 
thrown [./open/src/hotspot/share/interpreter/linkResolver.cpp, line 782]
Event: 0.607 Thread 0x0000022e82b017c0 Exception <a 'java/lang/NoSuchMethodError'{0x0000000089b261d0}: 'void java.lang.invoke.DirectMethodHandle$Holder.invokeStatic(java.lang.Object, java.lang.Object)'> (0x0000000089b261d0) 
thrown [./open/src/hotspot/share/interpreter/linkResolver.cpp, line 782]
Event: 0.611 Thread 0x0000022e82b017c0 Exception <a 'java/lang/NoSuchMethodError'{0x0000000089b29a90}: 'void java.lang.invoke.DirectMethodHandle$Holder.invokeStaticInit(java.lang.Object, java.lang.Object)'> (0x0000000089b29a90) 
thrown [./open/src/hotspot/share/interpreter/linkResolver.cpp, line 782]
Event: 0.852 Thread 0x0000022e82b017c0 Exception <a 'java/lang/NoSuchMethodError'{0x0000000089909580}: 'java.lang.Object java.lang.invoke.DirectMethodHandle$Holder.invokeStatic(java.lang.Object)'> (0x0000000089909580) 
thrown [./open/src/hotspot/share/interpreter/linkResolver.cpp, line 782]
Event: 7523.400 Thread 0x0000022e9d0165c0 Exception <a 'java/lang/LinkageError'{0x0000000089cd1cb8}> (0x0000000089cd1cb8) 
thrown [./open/src/hotspot/share/oops/generateOopMap.cpp, line 2137]

Events (20 events):
Event: 5579.461 Executing VM operation: ChangeBreakpoints
Event: 5579.461 Executing VM operation: ChangeBreakpoints done
Event: 5579.465 Executing VM operation: GetFrameCount
Event: 5579.465 Executing VM operation: GetFrameCount done
Event: 5579.465 Executing VM operation: GetStackTrace
Event: 5579.465 Executing VM operation: GetStackTrace done
Event: 5602.471 Executing VM operation: RedefineClasses
Event: 5602.476 Executing VM operation: RedefineClasses done
Event: 5602.486 Executing VM operation: ChangeBreakpoints
Event: 5602.487 Executing VM operation: ChangeBreakpoints done
Event: 5602.487 Executing VM operation: ChangeBreakpoints
Event: 5602.488 Executing VM operation: ChangeBreakpoints done
Event: 5602.494 Executing VM operation: GetFrameCount
Event: 5602.494 Executing VM operation: GetFrameCount done
Event: 5602.494 Executing VM operation: GetStackTrace
Event: 5602.494 Executing VM operation: GetStackTrace done
Event: 7521.781 Executing VM operation: GetFrameCount
Event: 7521.781 Executing VM operation: GetFrameCount done
Event: 7521.797 Executing VM operation: GetFrameCount
Event: 7521.798 Executing VM operation: GetFrameCount done


Dynamic libraries:
0x00007ff6eb630000 - 0x00007ff6eb63d000 	C:\Users\Skec\.p2\pool\plugins\org.eclipse.justj.openjdk.hotspot.jre.full.win32.x86_64_15.0.1.v20201027-0507\jre\bin\javaw.exe
0x00007ffdc43b0000 - 0x00007ffdc45a6000 	C:\Windows\SYSTEM32\ntdll.dll
0x00007ffdc3310000 - 0x00007ffdc33cd000 	C:\Windows\System32\KERNEL32.DLL
0x00007ffdc2110000 - 0x00007ffdc23d9000 	C:\Windows\System32\KERNELBASE.dll
0x00007ffdc1d70000 - 0x00007ffdc1e70000 	C:\Windows\System32\ucrtbase.dll
0x00007ffdbcbe0000 - 0x00007ffdbcbf9000 	C:\Users\Skec\.p2\pool\plugins\org.eclipse.justj.openjdk.hotspot.jre.full.win32.x86_64_15.0.1.v20201027-0507\jre\bin\VCRUNTIME140.dll
0x00007ffdbcc00000 - 0x00007ffdbcc18000 	C:\Users\Skec\.p2\pool\plugins\org.eclipse.justj.openjdk.hotspot.jre.full.win32.x86_64_15.0.1.v20201027-0507\jre\bin\jli.dll
0x00007ffdc3130000 - 0x00007ffdc32d0000 	C:\Windows\System32\USER32.dll
0x00007ffdb1450000 - 0x00007ffdb16eb000 	C:\Windows\WinSxS\amd64_microsoft.windows.common-controls_6595b64144ccf1df_6.0.19041.488_none_ca04af081b815d21\COMCTL32.dll
0x00007ffdc23e0000 - 0x00007ffdc2402000 	C:\Windows\System32\win32u.dll
0x00007ffdc3030000 - 0x00007ffdc30ce000 	C:\Windows\System32\msvcrt.dll
0x00007ffdc3e60000 - 0x00007ffdc3e8a000 	C:\Windows\System32\GDI32.dll
0x00007ffdc2000000 - 0x00007ffdc2109000 	C:\Windows\System32\gdi32full.dll
0x00007ffdc1cd0000 - 0x00007ffdc1d6d000 	C:\Windows\System32\msvcp_win.dll
0x00007ffdc32d0000 - 0x00007ffdc3300000 	C:\Windows\System32\IMM32.DLL
0x00007ffdb4fc0000 - 0x00007ffdb4fcc000 	C:\Users\Skec\.p2\pool\plugins\org.eclipse.justj.openjdk.hotspot.jre.full.win32.x86_64_15.0.1.v20201027-0507\jre\bin\vcruntime140_1.dll
0x00007ffdb5630000 - 0x00007ffdb56c1000 	C:\Users\Skec\.p2\pool\plugins\org.eclipse.justj.openjdk.hotspot.jre.full.win32.x86_64_15.0.1.v20201027-0507\jre\bin\msvcp140.dll
0x00007ffd5f290000 - 0x00007ffd5fdee000 	C:\Users\Skec\.p2\pool\plugins\org.eclipse.justj.openjdk.hotspot.jre.full.win32.x86_64_15.0.1.v20201027-0507\jre\bin\server\jvm.dll
0x00007ffdc3550000 - 0x00007ffdc35fc000 	C:\Windows\System32\ADVAPI32.dll
0x00007ffdc2f90000 - 0x00007ffdc302c000 	C:\Windows\System32\sechost.dll
0x00007ffdc2e50000 - 0x00007ffdc2f7b000 	C:\Windows\System32\RPCRT4.dll
0x00007ffdc3f20000 - 0x00007ffdc3f28000 	C:\Windows\System32\PSAPI.DLL
0x00007ffdb1d10000 - 0x00007ffdb1d37000 	C:\Windows\SYSTEM32\WINMM.dll
0x00007ffdbd830000 - 0x00007ffdbd839000 	C:\Windows\SYSTEM32\WSOCK32.dll
0x00007ffdc34e0000 - 0x00007ffdc354b000 	C:\Windows\System32\WS2_32.dll
0x00007ffdb9fc0000 - 0x00007ffdb9fca000 	C:\Windows\SYSTEM32\VERSION.dll
0x00007ffdbfa40000 - 0x00007ffdbfa52000 	C:\Windows\SYSTEM32\kernel.appcore.dll
0x00007ffdb4fb0000 - 0x00007ffdb4fba000 	C:\Users\Skec\.p2\pool\plugins\org.eclipse.justj.openjdk.hotspot.jre.full.win32.x86_64_15.0.1.v20201027-0507\jre\bin\jimage.dll
0x00007ffdadc00000 - 0x00007ffdadde4000 	C:\Windows\SYSTEM32\DBGHELP.DLL
0x00007ffdadb70000 - 0x00007ffdadb9c000 	C:\Windows\SYSTEM32\dbgcore.DLL
0x00007ffdc1af0000 - 0x00007ffdc1b70000 	C:\Windows\System32\bcryptPrimitives.dll
0x00007ffdbcc30000 - 0x00007ffdbcc69000 	C:\Users\Skec\.p2\pool\plugins\org.eclipse.justj.openjdk.hotspot.jre.full.win32.x86_64_15.0.1.v20201027-0507\jre\bin\jdwp.dll
0x00007ffdbcc20000 - 0x00007ffdbcc2e000 	C:\Users\Skec\.p2\pool\plugins\org.eclipse.justj.openjdk.hotspot.jre.full.win32.x86_64_15.0.1.v20201027-0507\jre\bin\instrument.dll
0x00007ffdb4e30000 - 0x00007ffdb4e55000 	C:\Users\Skec\.p2\pool\plugins\org.eclipse.justj.openjdk.hotspot.jre.full.win32.x86_64_15.0.1.v20201027-0507\jre\bin\java.dll
0x00007ffdb4e10000 - 0x00007ffdb4e28000 	C:\Users\Skec\.p2\pool\plugins\org.eclipse.justj.openjdk.hotspot.jre.full.win32.x86_64_15.0.1.v20201027-0507\jre\bin\zip.dll
0x00007ffdc3600000 - 0x00007ffdc3d42000 	C:\Windows\System32\SHELL32.dll
0x00007ffdbfc40000 - 0x00007ffdc03d5000 	C:\Windows\SYSTEM32\windows.storage.dll
0x00007ffdc4010000 - 0x00007ffdc4366000 	C:\Windows\System32\combase.dll
0x00007ffdc1560000 - 0x00007ffdc158c000 	C:\Windows\SYSTEM32\Wldp.dll
0x00007ffdc3db0000 - 0x00007ffdc3e5e000 	C:\Windows\System32\SHCORE.dll
0x00007ffdc24b0000 - 0x00007ffdc2505000 	C:\Windows\System32\shlwapi.dll
0x00007ffdc1a20000 - 0x00007ffdc1a46000 	C:\Windows\SYSTEM32\profapi.dll
0x00007ffda2840000 - 0x00007ffda2859000 	C:\Users\Skec\.p2\pool\plugins\org.eclipse.justj.openjdk.hotspot.jre.full.win32.x86_64_15.0.1.v20201027-0507\jre\bin\net.dll
0x00007ffdbc0a0000 - 0x00007ffdbc1a0000 	C:\Windows\SYSTEM32\WINHTTP.dll
0x00007ffdc12e0000 - 0x00007ffdc134a000 	C:\Windows\system32\mswsock.dll
0x00007ffda2820000 - 0x00007ffda2832000 	C:\Users\Skec\.p2\pool\plugins\org.eclipse.justj.openjdk.hotspot.jre.full.win32.x86_64_15.0.1.v20201027-0507\jre\bin\nio.dll
0x00007ffdbcba0000 - 0x00007ffdbcbab000 	C:\Users\Skec\.p2\pool\plugins\org.eclipse.justj.openjdk.hotspot.jre.full.win32.x86_64_15.0.1.v20201027-0507\jre\bin\dt_socket.dll
0x00007ffdc0f80000 - 0x00007ffdc0fbb000 	C:\Windows\SYSTEM32\IPHLPAPI.DLL
0x00007ffdc0fd0000 - 0x00007ffdc109b000 	C:\Windows\SYSTEM32\DNSAPI.dll
0x00007ffdc3300000 - 0x00007ffdc3308000 	C:\Windows\System32\NSI.dll
0x00007ffdb1340000 - 0x00007ffdb134a000 	C:\Windows\System32\rasadhlp.dll
0x00007ffdb1a10000 - 0x00007ffdb1a8f000 	C:\Windows\System32\fwpuclnt.dll
0x00007ffdc1f80000 - 0x00007ffdc1fa7000 	C:\Windows\System32\bcrypt.dll
0x00007ffdb4f20000 - 0x00007ffdb4f30000 	C:\Users\Skec\.p2\pool\plugins\org.eclipse.justj.openjdk.hotspot.jre.full.win32.x86_64_15.0.1.v20201027-0507\jre\bin\verify.dll

dbghelp: loaded successfully - version: 4.0.5 - missing functions: none
symbol engine: initialized successfully - sym options: 0x614 - pdb path: .;C:\Users\Skec\.p2\pool\plugins\org.eclipse.justj.openjdk.hotspot.jre.full.win32.x86_64_15.0.1.v20201027-0507\jre\bin;C:\Windows\SYSTEM32;C:\Windows\WinSxS\amd64_microsoft.windows.common-controls_6595b64144ccf1df_6.0.19041.488_none_ca04af081b815d21;C:\Users\Skec\.p2\pool\plugins\org.eclipse.justj.openjdk.hotspot.jre.full.win32.x86_64_15.0.1.v20201027-0507\jre\bin\server

VM Arguments:
jvm_args: -XX:+ShowCodeDetailsInExceptionMessages -agentlib:jdwp=transport=dt_socket,suspend=y,address=localhost:61602 -javaagent:C:\Users\Skec\eclipse\java-2020-09\eclipse\configuration\org.eclipse.osgi\215\0\.cp\lib\javaagent-shaded.jar -Dfile.encoding=UTF-8 --module-path=D:\eclipse\Edunova03\bin -Djdk.module.main=Edunova03 
java_command: Edunova03/zimski_zadatci.proba
java_class_path (initial): <not set>
Launcher Type: SUN_STANDARD

[Global flags]
     intx CICompilerCount                          = 3                                         {product} {ergonomic}
     uint ConcGCThreads                            = 1                                         {product} {ergonomic}
     uint G1ConcRefinementThreads                  = 4                                         {product} {ergonomic}
   size_t G1HeapRegionSize                         = 1048576                                   {product} {ergonomic}
    uintx GCDrainStackTargetSize                   = 64                                        {product} {ergonomic}
   size_t InitialHeapSize                          = 132120576                                 {product} {ergonomic}
   size_t MarkStackSize                            = 4194304                                   {product} {ergonomic}
   size_t MaxHeapSize                              = 2113929216                                {product} {ergonomic}
   size_t MaxNewSize                               = 1267728384                                {product} {ergonomic}
   size_t MinHeapDeltaBytes                        = 1048576                                   {product} {ergonomic}
   size_t MinHeapSize                              = 8388608                                   {product} {ergonomic}
    uintx NonNMethodCodeHeapSize                   = 5832780                                {pd product} {ergonomic}
    uintx NonProfiledCodeHeapSize                  = 122912730                              {pd product} {ergonomic}
    uintx ProfiledCodeHeapSize                     = 122912730                              {pd product} {ergonomic}
    uintx ReservedCodeCacheSize                    = 251658240                              {pd product} {ergonomic}
     bool SegmentedCodeCache                       = true                                      {product} {ergonomic}
     bool ShowCodeDetailsInExceptionMessages       = true                                   {manageable} {command line}
   size_t SoftMaxHeapSize                          = 2113929216                             {manageable} {ergonomic}
     bool UseCompressedClassPointers               = true                                 {lp64_product} {ergonomic}
     bool UseCompressedOops                        = true                                 {lp64_product} {ergonomic}
     bool UseG1GC                                  = true                                      {product} {ergonomic}
     bool UseLargePagesIndividualAllocation        = false                                  {pd product} {ergonomic}

Logging:
Log output configuration:
 #0: stdout all=warning uptime,level,tags
 #1: stderr all=off uptime,level,tags

Environment Variables:
PATH=C:\Users\Skec\.p2\pool\plugins\org.eclipse.justj.openjdk.hotspot.jre.full.win32.x86_64_15.0.1.v20201027-0507\jre\bin;C:/Users/Skec/.p2/pool/plugins/org.eclipse.justj.openjdk.hotspot.jre.full.win32.x86_64_15.0.1.v20201027-0507/jre/bin/server;C:/Users/Skec/.p2/pool/plugins/org.eclipse.justj.openjdk.hotspot.jre.full.win32.x86_64_15.0.1.v20201027-0507/jre/bin;C:\Windows\system32;C:\Windows;C:\Windows\System32\Wbem;C:\Windows\System32\WindowsPowerShell\v1.0\;C:\Windows\System32\OpenSSH\;C:\Program Files\Git\cmd;C:\Program Files\Java\jdk-14.0.2\bin;C:\Users\Skec\AppData\Local\Microsoft\WindowsApps;;C:\Users\Skec\AppData\Local\Programs\Microsoft VS Code\bin;C:\Windows\System32;
USERNAME=Skec
OS=Windows_NT
PROCESSOR_IDENTIFIER=Intel64 Family 6 Model 61 Stepping 4, GenuineIntel



---------------  S Y S T E M  ---------------

OS:
 Windows 10 , 64 bit Build 19041 (10.0.19041.662)
OS uptime: 8 days 2:34 hours

CPU: total 4 (initial active 4) (2 cores per cpu, 2 threads per core) family 6 model 61 stepping 4 microcode 0x2d, cmov, cx8, fxsr, mmx, sse, sse2, sse3, ssse3, sse4.1, sse4.2, popcnt, vzeroupper, avx, avx2, aes, clmul, erms, 3dnowpref, lzcnt, ht, tsc, tscinvbit, bmi1, bmi2, adx, fma, clflush

Memory: 4k page, system-wide physical 8059M (2856M free)
TotalPageFile size 9339M (AvailPageFile size 1559M)
current process WorkingSet (physical memory assigned to process): 38M, peak: 47M
current process commit charge ("private bytes"): 199M, peak: 202M

vm_info: OpenJDK 64-Bit Server VM (15.0.1+9-18) for windows-amd64 JRE (15.0.1+9-18), built on Sep 15 2020 14:39:31 by "mach5one" with unknown MS VC++:1925

END.
